<?xml version="1.0" encoding="UTF-8"?>
<!-- Generated by org.testng.reporters.JUnitXMLReporter -->
<testsuite hostname="D3-Cihal" name="Accounts Tests" tests="4" failures="0" timestamp="6 Jan 2015 20:29:50 GMT" time="20.521" errors="0">
  <testcase name="verifyHomepageTitle" time="0.014" classname="com.d3.accounts.asset.lookAndFeel"/>
  <testcase name="verifyInvalidLogin" time="10.468" classname="com.d3.accounts.asset.lookAndFeel"/>
  <testcase name="verifyValidLogin" time="0.202" classname="com.d3.accounts.asset.lookAndFeel"/>
  <testcase name="verifySecretQuestion" time="2.401" classname="com.d3.accounts.asset.lookAndFeel"/>
</testsuite> <!-- Accounts Tests -->
