<?xml version="1.0" encoding="UTF-8"?>
<!-- Generated by org.testng.reporters.JUnitXMLReporter -->
<testsuite hostname="D3-Cihal" name="Regression Tests" tests="16" failures="0" timestamp="6 Jan 2015 20:31:46 GMT" time="48.737" errors="0">
  <testcase name="verifyHomepageTitle" time="0.014" classname="com.d3.accounts.asset.lookAndFeel"/>
  <testcase name="verifyInvalidLogin" time="15.496" classname="com.d3.accounts.asset.lookAndFeel"/>
  <testcase name="verifyValidLogin" time="0.188" classname="com.d3.accounts.asset.lookAndFeel"/>
  <testcase name="verifySecretQuestion" time="2.147" classname="com.d3.accounts.asset.lookAndFeel"/>
  <testcase name="verifyHomepageTitle" time="0.008" classname="com.d3.endToEnd.D3AutomationDemo"/>
  <testcase name="verifyInvalidLogin" time="8.605" classname="com.d3.endToEnd.D3AutomationDemo"/>
  <testcase name="verifyValidLogin" time="0.188" classname="com.d3.endToEnd.D3AutomationDemo"/>
  <testcase name="verifySecretQuestion" time="2.23" classname="com.d3.endToEnd.D3AutomationDemo"/>
  <testcase name="verifyPlanButton" time="0.245" classname="com.d3.endToEnd.D3AutomationDemo"/>
  <testcase name="verifyMessagesButton" time="0.172" classname="com.d3.endToEnd.D3AutomationDemo"/>
  <testcase name="verifyAccountsButton" time="1.218" classname="com.d3.endToEnd.D3AutomationDemo"/>
  <testcase name="verifyTransactionsButton" time="0.205" classname="com.d3.endToEnd.D3AutomationDemo"/>
  <testcase name="verifyMoneyMovementButton" time="1.121" classname="com.d3.endToEnd.D3AutomationDemo"/>
  <testcase name="verifyPlanningButton" time="1.397" classname="com.d3.endToEnd.D3AutomationDemo"/>
  <testcase name="verifyHelpButton" time="0.305" classname="com.d3.endToEnd.D3AutomationDemo"/>
  <testcase name="verifySettingsButton" time="0.274" classname="com.d3.endToEnd.D3AutomationDemo"/>
</testsuite> <!-- Regression Tests -->
