<?xml version="1.0" encoding="UTF-8"?>
<!-- Generated by org.testng.reporters.JUnitXMLReporter -->
<testsuite hostname="D3-Cihal" name="Default test" tests="4" failures="0" timestamp="6 Jan 2015 20:22:34 GMT" time="17.527" errors="0">
  <testcase name="verifyHomepageTitle" time="0.015" classname="com.d3.accounts.asset.lookAndFeel"/>
  <testcase name="verifyInvalidLogin" time="6.605" classname="com.d3.accounts.asset.lookAndFeel"/>
  <testcase name="verifyValidLogin" time="0.201" classname="com.d3.accounts.asset.lookAndFeel"/>
  <testcase name="verifySecretQuestion" time="2.071" classname="com.d3.accounts.asset.lookAndFeel"/>
</testsuite> <!-- Default test -->
