<?xml version="1.0" encoding="UTF-8"?>
<!-- Generated by org.testng.reporters.JUnitXMLReporter -->
<testsuite hostname="D3-Cihal" name="Smoke Tests" tests="16" failures="0" timestamp="6 Jan 2015 20:30:47 GMT" time="41.207" errors="0">
  <testcase name="verifyHomepageTitle" time="0.013" classname="com.d3.accounts.asset.lookAndFeel"/>
  <testcase name="verifyInvalidLogin" time="9.515" classname="com.d3.accounts.asset.lookAndFeel"/>
  <testcase name="verifyValidLogin" time="0.196" classname="com.d3.accounts.asset.lookAndFeel"/>
  <testcase name="verifySecretQuestion" time="2.153" classname="com.d3.accounts.asset.lookAndFeel"/>
  <testcase name="verifyHomepageTitle" time="0.007" classname="com.d3.endToEnd.D3AutomationDemo"/>
  <testcase name="verifyInvalidLogin" time="8.273" classname="com.d3.endToEnd.D3AutomationDemo"/>
  <testcase name="verifyValidLogin" time="0.194" classname="com.d3.endToEnd.D3AutomationDemo"/>
  <testcase name="verifySecretQuestion" time="2.06" classname="com.d3.endToEnd.D3AutomationDemo"/>
  <testcase name="verifyPlanButton" time="0.261" classname="com.d3.endToEnd.D3AutomationDemo"/>
  <testcase name="verifyMessagesButton" time="0.178" classname="com.d3.endToEnd.D3AutomationDemo"/>
  <testcase name="verifyAccountsButton" time="1.083" classname="com.d3.endToEnd.D3AutomationDemo"/>
  <testcase name="verifyTransactionsButton" time="0.16" classname="com.d3.endToEnd.D3AutomationDemo"/>
  <testcase name="verifyMoneyMovementButton" time="1.043" classname="com.d3.endToEnd.D3AutomationDemo"/>
  <testcase name="verifyPlanningButton" time="1.275" classname="com.d3.endToEnd.D3AutomationDemo"/>
  <testcase name="verifyHelpButton" time="0.246" classname="com.d3.endToEnd.D3AutomationDemo"/>
  <testcase name="verifySettingsButton" time="0.265" classname="com.d3.endToEnd.D3AutomationDemo"/>
</testsuite> <!-- Smoke Tests -->
