<?xml version="1.0" encoding="UTF-8"?>
<testng-results skipped="0" failed="0" total="1" passed="1">
  <reporter-output>
  </reporter-output>
  <suite name="D3AutomationDemo Tests" duration-ms="25591" started-at="2015-01-06T20:56:09Z" finished-at="2015-01-06T20:56:34Z">
    <groups>
      <group name="regression">
        <method signature="QuickPayPaymentCurrentDate.verifyQuickPayCurrentDate(java.lang.String, java.lang.String, java.lang.String)[pri:0, instance:com.d3.endToEnd.QuickPayPaymentCurrentDate@1150435]" name="verifyQuickPayCurrentDate" class="com.d3.endToEnd.QuickPayPaymentCurrentDate"/>
      </group> <!-- regression -->
      <group name="smoke">
        <method signature="QuickPayPaymentCurrentDate.verifyQuickPayCurrentDate(java.lang.String, java.lang.String, java.lang.String)[pri:0, instance:com.d3.endToEnd.QuickPayPaymentCurrentDate@1150435]" name="verifyQuickPayCurrentDate" class="com.d3.endToEnd.QuickPayPaymentCurrentDate"/>
      </group> <!-- smoke -->
    </groups>
    <test name="Default test" duration-ms="25591" started-at="2015-01-06T20:56:09Z" finished-at="2015-01-06T20:56:34Z">
      <class name="com.d3.endToEnd.QuickPayPaymentCurrentDate">
        <test-method status="PASS" signature="launchBrowser(java.lang.String, java.lang.String, java.lang.String)[pri:0, instance:com.d3.endToEnd.QuickPayPaymentCurrentDate@1150435]" name="launchBrowser" is-config="true" duration-ms="9944" started-at="2015-01-06T14:56:09Z" finished-at="2015-01-06T14:56:19Z">
          <params>
            <param index="0">
              <value>
                <![CDATA[FIREFOX]]>
              </value>
            </param>
            <param index="1">
              <value>
                <![CDATA[30]]>
              </value>
            </param>
            <param index="2">
              <value>
                <![CDATA[https://fi1-qa4.dev.d3banking.com/]]>
              </value>
            </param>
          </params>
          <reporter-output>
          </reporter-output>
        </test-method> <!-- launchBrowser -->
        <test-method status="PASS" signature="verifyQuickPayCurrentDate(java.lang.String, java.lang.String, java.lang.String)[pri:0, instance:com.d3.endToEnd.QuickPayPaymentCurrentDate@1150435]" name="verifyQuickPayCurrentDate" duration-ms="15438" started-at="2015-01-06T14:56:19Z" finished-at="2015-01-06T14:56:34Z">
          <params>
            <param index="0">
              <value>
                <![CDATA[samueladamsiii]]>
              </value>
            </param>
            <param index="1">
              <value>
                <![CDATA[password]]>
              </value>
            </param>
            <param index="2">
              <value>
                <![CDATA[denver]]>
              </value>
            </param>
          </params>
          <reporter-output>
          </reporter-output>
        </test-method> <!-- verifyQuickPayCurrentDate -->
        <test-method status="PASS" signature="takeScreenShotOnFailure(org.testng.ITestResult)[pri:0, instance:com.d3.endToEnd.QuickPayPaymentCurrentDate@1150435]" name="takeScreenShotOnFailure" is-config="true" duration-ms="0" started-at="2015-01-06T14:56:34Z" finished-at="2015-01-06T14:56:34Z">
          <params>
            <param index="0">
              <value>
                <![CDATA[[TestResult name=verifyQuickPayCurrentDate status=SUCCESS method=QuickPayPaymentCurrentDate.verifyQuickPayCurrentDate(java.lang.String, java.lang.String, java.lang.String)[pri:0, instance:com.d3.endToEnd.QuickPayPaymentCurrentDate@1150435] output={null}]]]>
              </value>
            </param>
          </params>
          <reporter-output>
          </reporter-output>
        </test-method> <!-- takeScreenShotOnFailure -->
        <test-method status="PASS" signature="terminateBrowser()[pri:0, instance:com.d3.endToEnd.QuickPayPaymentCurrentDate@1150435]" name="terminateBrowser" is-config="true" duration-ms="197" started-at="2015-01-06T14:56:34Z" finished-at="2015-01-06T14:56:34Z">
          <reporter-output>
          </reporter-output>
        </test-method> <!-- terminateBrowser -->
      </class> <!-- com.d3.endToEnd.QuickPayPaymentCurrentDate -->
    </test> <!-- Default test -->
  </suite> <!-- D3AutomationDemo Tests -->
</testng-results>
